2025.03.26 21:50:29 INFO  Started: Metals version 1.5.2 in folders '/home/breno/codes/scala-learn' for client Visual Studio Code 1.98.0.[0m
2025.03.26 21:50:30 INFO  no build target found for /home/breno/codes/scala-learn/apollo/src/main/scala/apollo/JsonDatasetter.scala. Using presentation compiler with project's scala-library version: 3.3.5[0m
2025.03.26 21:50:31 INFO  Attempting to connect to the build server...[0m
2025.03.26 21:50:31 INFO  No running Bloop server found, starting one.[0m
2025.03.26 21:50:42 INFO  no build target found for /home/breno/codes/scala-learn/apollo/src/main/scala/apollo/JsonDatasetter.scala. Using presentation compiler with project's scala-library version: 3.3.5[0m
mar. 26, 2025 9:50:42 PM org.eclipse.lsp4j.jsonrpc.RemoteEndpoint handleCancellation
WARNING: Unmatched cancel notification for request id 3
mar. 26, 2025 9:50:42 PM org.eclipse.lsp4j.jsonrpc.RemoteEndpoint handleCancellation
WARNING: Unmatched cancel notification for request id 1
2025.03.26 21:50:54 INFO  Starting compilation server[0m
2025.03.26 21:50:56 INFO  tracing is disabled for protocol BSP, to enable tracing of incoming and outgoing JSON messages create an empty file at /home/breno/codes/scala-learn/.metals/bsp.trace.json or /home/breno/.cache/metals/bsp.trace.json[0m
2025.03.26 21:50:56 INFO  time: Connected to build server in 25s[0m
2025.03.26 21:50:56 INFO  Connected to Build server: Bloop v2.0.9[0m
mar. 26, 2025 9:50:56 PM scala.meta.internal.metals.StdReporter $anonfun$create$1
WARNING: Empty build targets. Expected at least one build target identifier. (full report at: /home/breno/codes/scala-learn/.metals/.reports/bloop/2025-03-26/r_Empty build targets...._21-50-56-631.md)
mar. 26, 2025 9:50:56 PM scala.meta.internal.metals.StdReporter $anonfun$create$1
WARNING: Empty build targets. Expected at least one build target identifier. (full report at: /home/breno/codes/scala-learn/.metals/.reports/bloop/2025-03-26/r_Empty build targets...._21-50-56-631.md)
mar. 26, 2025 9:50:56 PM scala.meta.internal.metals.StdReporter $anonfun$create$1
WARNING: Empty build targets. Expected at least one build target identifier. (full report at: /home/breno/codes/scala-learn/.metals/.reports/bloop/2025-03-26/r_Empty build targets...._21-50-56-631.md)
mar. 26, 2025 9:50:56 PM scala.meta.internal.metals.StdReporter $anonfun$create$1
WARNING: Empty build targets. Expected at least one build target identifier. (full report at: /home/breno/codes/scala-learn/.metals/.reports/bloop/2025-03-26/r_Empty build targets...._21-50-56-631.md)
mar. 26, 2025 9:50:56 PM scala.meta.internal.metals.StdReporter $anonfun$create$1
WARNING: Empty build targets. Expected at least one build target identifier. (full report at: /home/breno/codes/scala-learn/.metals/.reports/bloop/2025-03-26/r_Empty build targets...._21-50-56-631.md)
2025.03.26 21:50:56 INFO  time: Imported build in 0.14s[0m
2025.03.26 21:50:57 INFO  time: indexed workspace in 1.51s[0m
2025.03.26 21:50:58 WARN  no build target for: /home/breno/codes/scala-learn/apollo/src/main/scala/apollo/JsonDatasetter.scala[0m
2025.03.26 21:50:58 WARN  no build target for: /home/breno/codes/scala-learn/apollo/src/main/scala/apollo/JsonDatasetter.scala[0m
2025.03.26 21:50:57 INFO  no build target found for /home/breno/codes/scala-learn/apollo/src/main/scala/apollo/JsonDatasetter.scala. Using presentation compiler with project's scala-library version: 3.3.5[0m
2025.03.26 21:51:48 WARN  no build target for: /home/breno/codes/scala-learn/apollo/src/main/scala/apollo/JsonDatasetter.scala[0m
2025.03.26 21:51:48 INFO  no build target found for /home/breno/codes/scala-learn/apollo/src/main/scala/apollo/JsonDatasetter.scala. Using presentation compiler with project's scala-library version: 3.3.5[0m
2025.03.26 21:51:48 INFO  no build target found for /home/breno/codes/scala-learn/apollo/src/main/scala/apollo/JsonDatasetter.scala. Using presentation compiler with project's scala-library version: 3.3.5[0m
2025.03.26 21:51:48 INFO  no build target found for /home/breno/codes/scala-learn/apollo/src/main/scala/apollo/JsonDatasetter.scala. Using presentation compiler with project's scala-library version: 3.3.5[0m
2025.03.26 21:51:52 INFO  no build target found for /home/breno/codes/scala-learn/apollo/src/main/scala/apollo/JsonDatasetter.scala. Using presentation compiler with project's scala-library version: 3.3.5[0m
2025.03.26 21:51:52 INFO  no build target found for /home/breno/codes/scala-learn/apollo/src/main/scala/apollo/JsonDatasetter.scala. Using presentation compiler with project's scala-library version: 3.3.5[0m
2025.03.26 21:51:54 INFO  no build target found for /home/breno/codes/scala-learn/apollo/src/main/scala/apollo/JsonDatasetter.scala. Using presentation compiler with project's scala-library version: 3.3.5[0m
2025.03.26 21:54:51 WARN  no build target for: /home/breno/codes/scala-learn/apollo/src/main/scala/apollo/JsonDatasetter.scala[0m
2025.03.26 21:54:51 INFO  no build target found for /home/breno/codes/scala-learn/apollo/src/main/scala/apollo/JsonDatasetter.scala. Using presentation compiler with project's scala-library version: 3.3.5[0m
2025.03.26 21:54:51 INFO  no build target found for /home/breno/codes/scala-learn/apollo/src/main/scala/apollo/JsonDatasetter.scala. Using presentation compiler with project's scala-library version: 3.3.5[0m
2025.03.26 21:54:58 INFO  Shutting down server[0m
2025.03.26 21:54:58 INFO  shutting down Metals[0m
2025.03.26 21:54:58 INFO  Shut down connection with build server.[0m
2025.03.26 21:54:58 INFO  Exiting server[0m
2025.03.26 21:55:25 INFO  Started: Metals version 1.5.2 in folders '/home/breno/codes/scala-learn' for client Visual Studio Code 1.98.0.
2025.03.26 21:55:26 INFO  Attempting to connect to the build server...
2025.03.26 21:55:26 INFO  Found a Bloop server running
2025.03.26 21:55:26 INFO  tracing is disabled for protocol BSP, to enable tracing of incoming and outgoing JSON messages create an empty file at /home/breno/codes/scala-learn/.metals/bsp.trace.json or /home/breno/.cache/metals/bsp.trace.json
2025.03.26 21:55:26 INFO  time: Connected to build server in 0.21s
2025.03.26 21:55:26 INFO  Connected to Build server: Bloop v2.0.9
mar. 26, 2025 9:55:26 PM scala.meta.internal.metals.StdReporter $anonfun$create$1
WARNING: Empty build targets. Expected at least one build target identifier. (full report at: /home/breno/codes/scala-learn/.metals/.reports/bloop/2025-03-26/r_Empty build targets...._21-50-56-631.md)
mar. 26, 2025 9:55:26 PM scala.meta.internal.metals.StdReporter $anonfun$create$1
WARNING: Empty build targets. Expected at least one build target identifier. (full report at: /home/breno/codes/scala-learn/.metals/.reports/bloop/2025-03-26/r_Empty build targets...._21-50-56-631.md)
mar. 26, 2025 9:55:26 PM scala.meta.internal.metals.StdReporter $anonfun$create$1
WARNING: Empty build targets. Expected at least one build target identifier. (full report at: /home/breno/codes/scala-learn/.metals/.reports/bloop/2025-03-26/r_Empty build targets...._21-50-56-631.md)
mar. 26, 2025 9:55:26 PM scala.meta.internal.metals.StdReporter $anonfun$create$1
WARNING: Empty build targets. Expected at least one build target identifier. (full report at: /home/breno/codes/scala-learn/.metals/.reports/bloop/2025-03-26/r_Empty build targets...._21-50-56-631.md)
mar. 26, 2025 9:55:26 PM scala.meta.internal.metals.StdReporter $anonfun$create$1
WARNING: Empty build targets. Expected at least one build target identifier. (full report at: /home/breno/codes/scala-learn/.metals/.reports/bloop/2025-03-26/r_Empty build targets...._21-50-56-631.md)
2025.03.26 21:55:26 INFO  time: Imported build in 0.17s
2025.03.26 21:55:28 INFO  time: indexed workspace in 1.64s
2025.03.26 21:55:28 WARN  no build target for: /home/breno/codes/scala-learn/apollo/src/main/scala/apollo/JsonDatasetter.scala
2025.03.26 21:55:28 WARN  no build target for: /home/breno/codes/scala-learn/apollo/src/main/scala/apollo/JsonDatasetter.scala
2025.03.26 21:55:28 INFO  no build target found for /home/breno/codes/scala-learn/apollo/src/main/scala/apollo/JsonDatasetter.scala. Using presentation compiler with project's scala-library version: 3.3.5
mar. 26, 2025 9:55:29 PM org.eclipse.lsp4j.jsonrpc.services.GenericEndpoint notify
INFO: Unsupported notification method: $/setTrace
2025.03.26 21:55:58 INFO  Shutting down server
2025.03.26 21:55:58 INFO  shutting down Metals
2025.03.26 21:55:58 INFO  Shut down connection with build server.
2025.03.26 21:55:58 INFO  Exiting server
2025.10.06 21:04:23 INFO  Started: Metals version 1.6.2 in folders '/home/breno/codes/scala-learn' for client Visual Studio Code 1.104.3.[0m
2025.10.06 21:04:23 INFO  no build target found for /home/breno/codes/scala-learn/apollo/src/main/scala/apollo/JsonDatasetter.scala. Using presentation compiler with project's scala-library version: 3.3.6[0m
2025.10.06 21:04:24 INFO  Attempting to connect to the build server...[0m
2025.10.06 21:04:24 INFO  No running Bloop server found, starting one.[0m
Oct 06, 2025 9:04:32 PM org.eclipse.lsp4j.jsonrpc.RemoteEndpoint handleCancellation
WARNING: Unmatched cancel notification for request id 3
Oct 06, 2025 9:04:32 PM org.eclipse.lsp4j.jsonrpc.RemoteEndpoint handleCancellation
WARNING: Unmatched cancel notification for request id 2
Oct 06, 2025 9:04:32 PM org.eclipse.lsp4j.jsonrpc.RemoteEndpoint handleCancellation
WARNING: Unmatched cancel notification for request id 1
2025.10.06 21:04:32 WARN  no build target for: /home/breno/codes/scala-learn/apollo/src/main/scala/apollo/JsonDatasetter.scala[0m
2025.10.06 21:04:32 INFO  no build target found for /home/breno/codes/scala-learn/apollo/src/main/scala/apollo/JsonDatasetter.scala. Using presentation compiler with project's scala-library version: 3.3.6[0m
2025.10.06 21:04:32 INFO  no build target found for /home/breno/codes/scala-learn/apollo/src/main/scala/apollo/JsonDatasetter.scala. Using presentation compiler with project's scala-library version: 3.3.6[0m
2025.10.06 21:04:32 INFO  no build target found for /home/breno/codes/scala-learn/apollo/src/main/scala/apollo/JsonDatasetter.scala. Using presentation compiler with project's scala-library version: 3.3.6[0m
2025.10.06 21:04:32 INFO  Starting compilation server[0m
Oct 06, 2025 9:04:32 PM org.eclipse.lsp4j.jsonrpc.RemoteEndpoint handleCancellation
WARNING: Unmatched cancel notification for request id 8
2025.10.06 21:04:33 INFO  tracing is disabled for protocol BSP, to enable tracing of incoming and outgoing JSON messages create an empty file at /home/breno/codes/scala-learn/.metals/bsp.trace.json or /home/breno/.cache/metals/bsp.trace.json[0m
2025.10.06 21:04:34 INFO  time: Connected to build server in 6.43s[0m
2025.10.06 21:04:33 INFO  Connected to Build server: Bloop v2.0.13[0m
2025.10.06 21:04:34 INFO  Empty build targets. Expected at least one build target identifier. (full report at: "/home/breno/codes/scala-learn/.metals/.reports/bloop/2025-03-26/r_Empty build targets...._21-50-56-631.md")[0m
2025.10.06 21:04:34 INFO  Empty build targets. Expected at least one build target identifier. (full report at: "/home/breno/codes/scala-learn/.metals/.reports/bloop/2025-03-26/r_Empty build targets...._21-50-56-631.md")[0m
2025.10.06 21:04:34 INFO  Empty build targets. Expected at least one build target identifier. (full report at: "/home/breno/codes/scala-learn/.metals/.reports/bloop/2025-03-26/r_Empty build targets...._21-50-56-631.md")[0m
2025.10.06 21:04:34 INFO  Empty build targets. Expected at least one build target identifier. (full report at: "/home/breno/codes/scala-learn/.metals/.reports/bloop/2025-03-26/r_Empty build targets...._21-50-56-631.md")[0m
2025.10.06 21:04:34 INFO  Empty build targets. Expected at least one build target identifier. (full report at: "/home/breno/codes/scala-learn/.metals/.reports/bloop/2025-03-26/r_Empty build targets...._21-50-56-631.md")[0m
2025.10.06 21:04:35 INFO  time: indexed workspace in 1.14s[0m
2025.10.06 21:04:35 WARN  no build target for: /home/breno/codes/scala-learn/apollo/src/main/scala/apollo/JsonDatasetter.scala[0m
2025.10.06 21:04:35 WARN  no build target for: /home/breno/codes/scala-learn/apollo/src/main/scala/apollo/JsonDatasetter.scala[0m
2025.10.06 21:04:35 INFO  no build target found for /home/breno/codes/scala-learn/apollo/src/main/scala/apollo/JsonDatasetter.scala. Using presentation compiler with project's scala-library version: 3.3.6[0m
2025.10.06 21:04:35 INFO  no build target found for /home/breno/codes/scala-learn/apollo/src/main/scala/apollo/JsonDatasetter.scala. Using presentation compiler with project's scala-library version: 3.3.6[0m
2025.10.06 21:04:35 INFO  no build target found for /home/breno/codes/scala-learn/apollo/src/main/scala/apollo/JsonDatasetter.scala. Using presentation compiler with project's scala-library version: 3.3.6[0m
2025.10.06 21:04:35 INFO  no build target found for /home/breno/codes/scala-learn/apollo/src/main/scala/apollo/JsonDatasetter.scala. Using presentation compiler with project's scala-library version: 3.3.6[0m
2025.10.06 21:04:35 WARN  no build target for: /home/breno/codes/scala-learn/apollo/src/main/scala/apollo/ImageHash.scala[0m
2025.10.06 21:04:35 INFO  no build target found for /home/breno/codes/scala-learn/apollo/src/main/scala/apollo/ImageHash.scala. Using presentation compiler with project's scala-library version: 3.3.6[0m
2025.10.06 21:04:35 INFO  no build target found for /home/breno/codes/scala-learn/apollo/src/main/scala/apollo/JsonDatasetter.scala. Using presentation compiler with project's scala-library version: 3.3.6[0m
2025.10.06 21:04:36 INFO  no build target found for /home/breno/codes/scala-learn/apollo/src/main/scala/apollo/ImageHash.scala. Using presentation compiler with project's scala-library version: 3.3.6[0m
2025.10.06 21:04:36 INFO  no build target found for /home/breno/codes/scala-learn/apollo/src/main/scala/apollo/ImageHash.scala. Using presentation compiler with project's scala-library version: 3.3.6[0m
2025.10.06 21:04:35 INFO  no build target found for /home/breno/codes/scala-learn/apollo/src/main/scala/apollo/ImageHash.scala. Using presentation compiler with project's scala-library version: 3.3.6[0m
2025.10.06 21:04:38 INFO  time: code lens generation in 2.07s[0m
2025.10.06 21:04:38 WARN  no build target for: /home/breno/codes/scala-learn/apollo/src/main/scala/apollo/FFT.scala[0m
2025.10.06 21:04:38 INFO  no build target found for /home/breno/codes/scala-learn/apollo/src/main/scala/apollo/FFT.scala. Using presentation compiler with project's scala-library version: 3.3.6[0m
2025.10.06 21:04:38 INFO  no build target found for /home/breno/codes/scala-learn/apollo/src/main/scala/apollo/FFT.scala. Using presentation compiler with project's scala-library version: 3.3.6[0m
2025.10.06 21:04:38 INFO  no build target found for /home/breno/codes/scala-learn/apollo/src/main/scala/apollo/FFT.scala. Using presentation compiler with project's scala-library version: 3.3.6[0m
Oct 06, 2025 9:04:38 PM org.eclipse.lsp4j.jsonrpc.RemoteEndpoint handleCancellation
WARNING: Unmatched cancel notification for request id 29
Oct 06, 2025 9:04:38 PM org.eclipse.lsp4j.jsonrpc.RemoteEndpoint handleCancellation
WARNING: Unmatched cancel notification for request id 31
Oct 06, 2025 9:04:38 PM org.eclipse.lsp4j.jsonrpc.RemoteEndpoint handleCancellation
WARNING: Unmatched cancel notification for request id 27
2025.10.06 21:04:38 INFO  no build target found for /home/breno/codes/scala-learn/apollo/src/main/scala/apollo/FFT.scala. Using presentation compiler with project's scala-library version: 3.3.6[0m
Exception in thread "pool-16-thread-1" java.lang.InterruptedException
	at scala.meta.internal.metals.FutureCancelToken.checkCanceled(FutureCancelToken.scala:29)
	at scala.meta.internal.pc.CompilerAccess.onCompilerJobQueue$$anonfun$1(CompilerAccess.scala:244)
	at scala.meta.internal.pc.CompilerJobQueue$Job.run(CompilerJobQueue.scala:153)
	at java.base/java.util.concurrent.ThreadPoolExecutor.runWorker(ThreadPoolExecutor.java:1136)
	at java.base/java.util.concurrent.ThreadPoolExecutor$Worker.run(ThreadPoolExecutor.java:635)
	at java.base/java.lang.Thread.run(Thread.java:840)
2025.10.06 21:04:38 INFO  no build target found for /home/breno/codes/scala-learn/apollo/src/main/scala/apollo/Apollo.scala. Using presentation compiler with project's scala-library version: 3.3.6[0m
2025.10.06 21:04:38 WARN  no build target for: /home/breno/codes/scala-learn/apollo/src/main/scala/apollo/Apollo.scala[0m
2025.10.06 21:04:38 INFO  no build target found for /home/breno/codes/scala-learn/apollo/src/main/scala/apollo/Apollo.scala. Using presentation compiler with project's scala-library version: 3.3.6[0m
2025.10.06 21:04:38 INFO  no build target found for /home/breno/codes/scala-learn/apollo/src/main/scala/apollo/Apollo.scala. Using presentation compiler with project's scala-library version: 3.3.6[0m
2025.10.06 21:04:40 INFO  no build target found for /home/breno/codes/scala-learn/apollo/src/main/scala/apollo/Apollo.scala. Using presentation compiler with project's scala-library version: 3.3.6[0m
2025.10.06 21:04:40 WARN  no build target for: /home/breno/codes/scala-learn/apollo/src/main/scala/apollo/FFT.scala[0m
2025.10.06 21:04:40 INFO  no build target found for /home/breno/codes/scala-learn/apollo/src/main/scala/apollo/FFT.scala. Using presentation compiler with project's scala-library version: 3.3.6[0m
2025.10.06 21:04:40 INFO  no build target found for /home/breno/codes/scala-learn/apollo/src/main/scala/apollo/FFT.scala. Using presentation compiler with project's scala-library version: 3.3.6[0m
2025.10.06 21:04:40 INFO  no build target found for /home/breno/codes/scala-learn/apollo/src/main/scala/apollo/FFT.scala. Using presentation compiler with project's scala-library version: 3.3.6[0m
2025.10.06 21:04:40 WARN  Could not find semantic tokens for: file:///home/breno/codes/scala-learn/apollo/src/main/scala/apollo/FFT.scala[0m
2025.10.06 21:04:40 INFO  no build target found for /home/breno/codes/scala-learn/apollo/src/main/scala/apollo/FFT.scala. Using presentation compiler with project's scala-library version: 3.3.6[0m
2025.10.06 21:04:40 WARN  Could not find semantic tokens for: file:///home/breno/codes/scala-learn/apollo/src/main/scala/apollo/FFT.scala[0m
2025.10.06 21:04:41 INFO  no build target found for /home/breno/codes/scala-learn/apollo/src/main/scala/apollo/FFT.scala. Using presentation compiler with project's scala-library version: 3.3.6[0m
2025.10.06 21:04:41 INFO  no build target found for /home/breno/codes/scala-learn/apollo/src/main/scala/apollo/ImageHash.scala. Using presentation compiler with project's scala-library version: 3.3.6[0m
2025.10.06 21:04:41 WARN  no build target for: /home/breno/codes/scala-learn/apollo/src/main/scala/apollo/ImageHash.scala[0m
2025.10.06 21:04:41 INFO  no build target found for /home/breno/codes/scala-learn/apollo/src/main/scala/apollo/ImageHash.scala. Using presentation compiler with project's scala-library version: 3.3.6[0m
2025.10.06 21:04:41 INFO  no build target found for /home/breno/codes/scala-learn/apollo/src/main/scala/apollo/ImageHash.scala. Using presentation compiler with project's scala-library version: 3.3.6[0m
2025.10.06 21:04:43 INFO  no build target found for /home/breno/codes/scala-learn/apollo/src/main/scala/apollo/ImageHash.scala. Using presentation compiler with project's scala-library version: 3.3.6[0m
2025.10.06 21:04:44 INFO  no build target found for /home/breno/codes/scala-learn/apollo/src/main/scala/apollo/ImageHash.scala. Using presentation compiler with project's scala-library version: 3.3.6[0m
2025.10.06 21:04:44 INFO  no build target found for /home/breno/codes/scala-learn/apollo/src/main/scala/apollo/YoutubeDownloader.scala. Using presentation compiler with project's scala-library version: 3.3.6[0m
2025.10.06 21:04:44 WARN  no build target for: /home/breno/codes/scala-learn/apollo/src/main/scala/apollo/YoutubeDownloader.scala[0m
2025.10.06 21:04:44 INFO  no build target found for /home/breno/codes/scala-learn/apollo/src/main/scala/apollo/YoutubeDownloader.scala. Using presentation compiler with project's scala-library version: 3.3.6[0m
2025.10.06 21:04:44 INFO  no build target found for /home/breno/codes/scala-learn/apollo/src/main/scala/apollo/YoutubeDownloader.scala. Using presentation compiler with project's scala-library version: 3.3.6[0m
2025.10.06 21:04:45 INFO  no build target found for /home/breno/codes/scala-learn/apollo/src/main/scala/apollo/YoutubeDownloader.scala. Using presentation compiler with project's scala-library version: 3.3.6[0m
2025.10.06 21:04:46 INFO  no build target found for /home/breno/codes/scala-learn/apollo/src/main/scala/apollo/YoutubeDownloader.scala. Using presentation compiler with project's scala-library version: 3.3.6[0m
2025.10.06 21:04:47 INFO  no build target found for /home/breno/codes/scala-learn/apollo/src/main/scala/apollo/YoutubeDownloader.scala. Using presentation compiler with project's scala-library version: 3.3.6[0m
2025.10.06 21:04:48 WARN  no build target for: /home/breno/codes/scala-learn/apollo/src/main/scala/apollo/SpotifyAPI.scala[0m
2025.10.06 21:04:48 INFO  no build target found for /home/breno/codes/scala-learn/apollo/src/main/scala/apollo/SpotifyAPI.scala. Using presentation compiler with project's scala-library version: 3.3.6[0m
2025.10.06 21:04:47 INFO  no build target found for /home/breno/codes/scala-learn/apollo/src/main/scala/apollo/SpotifyAPI.scala. Using presentation compiler with project's scala-library version: 3.3.6[0m
2025.10.06 21:04:48 INFO  no build target found for /home/breno/codes/scala-learn/apollo/src/main/scala/apollo/SpotifyAPI.scala. Using presentation compiler with project's scala-library version: 3.3.6[0m
2025.10.06 21:04:48 WARN  Could not find semantic tokens for: file:///home/breno/codes/scala-learn/apollo/src/main/scala/apollo/SpotifyAPI.scala[0m
2025.10.06 21:04:48 INFO  no build target found for /home/breno/codes/scala-learn/apollo/src/main/scala/apollo/SpotifyAPI.scala. Using presentation compiler with project's scala-library version: 3.3.6[0m
2025.10.06 21:04:48 WARN  Could not find semantic tokens for: file:///home/breno/codes/scala-learn/apollo/src/main/scala/apollo/SpotifyAPI.scala[0m
2025.10.06 21:04:47 INFO  no build target found for /home/breno/codes/scala-learn/apollo/src/main/scala/apollo/SpotifyAPI.scala. Using presentation compiler with project's scala-library version: 3.3.6[0m
2025.10.06 21:04:49 INFO  no build target found for /home/breno/codes/scala-learn/apollo/src/main/scala/apollo/SpotifyAPI.scala. Using presentation compiler with project's scala-library version: 3.3.6[0m
2025.10.06 21:04:52 INFO  no build target found for /home/breno/codes/scala-learn/apollo/src/main/scala/apollo/SpotifyAPI.scala. Using presentation compiler with project's scala-library version: 3.3.6[0m
2025.10.06 21:04:55 INFO  no build target found for /home/breno/codes/scala-learn/apollo/src/main/scala/apollo/SpotifyAPI.scala. Using presentation compiler with project's scala-library version: 3.3.6[0m
2025.10.06 21:04:59 INFO  no build target found for /home/breno/codes/scala-learn/apollo/src/main/scala/apollo/SpotifyAPI.scala. Using presentation compiler with project's scala-library version: 3.3.6[0m
2025.10.06 21:04:59 INFO  no build target found for /home/breno/codes/scala-learn/apollo/src/main/scala/apollo/SpotifyAPI.scala. Using presentation compiler with project's scala-library version: 3.3.6[0m
2025.10.06 21:04:59 INFO  no build target found for /home/breno/codes/scala-learn/apollo/src/main/scala/apollo/SpotifyAPI.scala. Using presentation compiler with project's scala-library version: 3.3.6[0m
2025.10.06 21:05:01 INFO  no build target found for /home/breno/codes/scala-learn/apollo/src/main/scala/apollo/SpotifyAPI.scala. Using presentation compiler with project's scala-library version: 3.3.6[0m
2025.10.06 21:05:01 INFO  no build target found for /home/breno/codes/scala-learn/apollo/src/main/scala/apollo/SpotifyAPI.scala. Using presentation compiler with project's scala-library version: 3.3.6[0m
2025.10.06 21:05:11 INFO  no build target found for /home/breno/codes/scala-learn/apollo/src/main/scala/apollo/SpotifyAPI.scala. Using presentation compiler with project's scala-library version: 3.3.6[0m
2025.10.06 21:05:18 INFO  no build target found for /home/breno/codes/scala-learn/apollo/src/main/scala/apollo/SpotifyAPI.scala. Using presentation compiler with project's scala-library version: 3.3.6[0m
2025.10.06 21:05:20 INFO  no build target found for /home/breno/codes/scala-learn/apollo/src/main/scala/apollo/SpotifyAPI.scala. Using presentation compiler with project's scala-library version: 3.3.6[0m
2025.10.06 21:05:20 INFO  no build target found for /home/breno/codes/scala-learn/apollo/src/main/scala/apollo/SpotifyAPI.scala. Using presentation compiler with project's scala-library version: 3.3.6[0m
2025.10.06 21:05:20 INFO  no build target found for /home/breno/codes/scala-learn/apollo/src/main/scala/apollo/SpotifyAPI.scala. Using presentation compiler with project's scala-library version: 3.3.6[0m
2025.10.06 21:05:38 WARN  no build target for: /home/breno/codes/scala-learn/apollo/src/main/scala/apollo/SpotifyAPI.scala[0m
2025.10.06 21:05:38 INFO  no build target found for /home/breno/codes/scala-learn/apollo/src/main/scala/apollo/SpotifyAPI.scala. Using presentation compiler with project's scala-library version: 3.3.6[0m
2025.10.06 21:05:38 INFO  no build target found for /home/breno/codes/scala-learn/apollo/src/main/scala/apollo/SpotifyAPI.scala. Using presentation compiler with project's scala-library version: 3.3.6[0m
2025.10.06 21:05:38 INFO  no build target found for /home/breno/codes/scala-learn/apollo/src/main/scala/apollo/SpotifyAPI.scala. Using presentation compiler with project's scala-library version: 3.3.6[0m
2025.10.06 21:05:38 WARN  Could not find semantic tokens for: file:///home/breno/codes/scala-learn/apollo/src/main/scala/apollo/SpotifyAPI.scala[0m
2025.10.06 21:05:38 INFO  no build target found for /home/breno/codes/scala-learn/apollo/src/main/scala/apollo/SpotifyAPI.scala. Using presentation compiler with project's scala-library version: 3.3.6[0m
2025.10.06 21:05:52 WARN  no build target for: /home/breno/codes/scala-learn/apollo/src/main/scala/apollo/SpotifyAPI.scala[0m
2025.10.06 21:05:52 INFO  no build target found for /home/breno/codes/scala-learn/apollo/src/main/scala/apollo/SpotifyAPI.scala. Using presentation compiler with project's scala-library version: 3.3.6[0m
2025.10.06 21:05:52 INFO  no build target found for /home/breno/codes/scala-learn/apollo/src/main/scala/apollo/SpotifyAPI.scala. Using presentation compiler with project's scala-library version: 3.3.6[0m
2025.10.06 21:05:52 INFO  no build target found for /home/breno/codes/scala-learn/apollo/src/main/scala/apollo/SpotifyAPI.scala. Using presentation compiler with project's scala-library version: 3.3.6[0m
2025.10.06 21:05:52 WARN  Could not find semantic tokens for: file:///home/breno/codes/scala-learn/apollo/src/main/scala/apollo/SpotifyAPI.scala[0m
2025.10.06 21:05:52 INFO  no build target found for /home/breno/codes/scala-learn/apollo/src/main/scala/apollo/SpotifyAPI.scala. Using presentation compiler with project's scala-library version: 3.3.6[0m
2025.10.06 21:08:07 INFO  no build target found for /home/breno/codes/scala-learn/apollo/src/main/scala/apollo/SpotifyAPI.scala. Using presentation compiler with project's scala-library version: 3.3.6[0m
2025.10.06 21:08:10 INFO  Shutting down server[0m
2025.10.06 21:08:10 INFO  shutting down Metals[0m
2025.10.06 21:08:10 INFO  Shut down connection with build server.[0m
2025.10.06 21:08:10 INFO  Exiting server[0m
2025.10.06 21:08:34 INFO  Started: Metals version 1.6.2 in folders '/home/breno/codes/scala-learn' for client Visual Studio Code 1.104.3.[0m
2025.10.06 21:08:34 INFO  no build target found for /home/breno/codes/scala-learn/apollo/src/main/scala/apollo/SpotifyAPI.scala. Using presentation compiler with project's scala-library version: 3.3.6[0m
2025.10.06 21:08:35 INFO  Attempting to connect to the build server...[0m
2025.10.06 21:08:35 INFO  No running Bloop server found, starting one.[0m
2025.10.06 21:08:36 INFO  Starting compilation server[0m
2025.10.06 21:08:36 INFO  no build target found for /home/breno/codes/scala-learn/apollo/src/main/scala/apollo/SpotifyAPI.scala. Using presentation compiler with project's scala-library version: 3.3.6[0m
2025.10.06 21:08:36 WARN  Could not find semantic tokens for: file:///home/breno/codes/scala-learn/apollo/src/main/scala/apollo/SpotifyAPI.scala[0m
2025.10.06 21:08:37 INFO  tracing is disabled for protocol BSP, to enable tracing of incoming and outgoing JSON messages create an empty file at /home/breno/codes/scala-learn/.metals/bsp.trace.json or /home/breno/.cache/metals/bsp.trace.json[0m
2025.10.06 21:08:37 INFO  time: Connected to build server in 2.17s[0m
2025.10.06 21:08:37 INFO  Connected to Build server: Bloop v2.0.13[0m
2025.10.06 21:08:37 INFO  Empty build targets. Expected at least one build target identifier. (full report at: "/home/breno/codes/scala-learn/.metals/.reports/bloop/2025-03-26/r_Empty build targets...._21-50-56-631.md")[0m
2025.10.06 21:08:37 INFO  Empty build targets. Expected at least one build target identifier. (full report at: "/home/breno/codes/scala-learn/.metals/.reports/bloop/2025-03-26/r_Empty build targets...._21-50-56-631.md")[0m
2025.10.06 21:08:37 INFO  Empty build targets. Expected at least one build target identifier. (full report at: "/home/breno/codes/scala-learn/.metals/.reports/bloop/2025-03-26/r_Empty build targets...._21-50-56-631.md")[0m
2025.10.06 21:08:37 INFO  Empty build targets. Expected at least one build target identifier. (full report at: "/home/breno/codes/scala-learn/.metals/.reports/bloop/2025-03-26/r_Empty build targets...._21-50-56-631.md")[0m
2025.10.06 21:08:37 INFO  Empty build targets. Expected at least one build target identifier. (full report at: "/home/breno/codes/scala-learn/.metals/.reports/bloop/2025-03-26/r_Empty build targets...._21-50-56-631.md")[0m
2025.10.06 21:08:38 INFO  time: indexed workspace in 1.28s[0m
2025.10.06 21:08:39 WARN  no build target for: /home/breno/codes/scala-learn/apollo/src/main/scala/apollo/SpotifyAPI.scala[0m
2025.10.06 21:08:39 INFO  no build target found for /home/breno/codes/scala-learn/apollo/src/main/scala/apollo/SpotifyAPI.scala. Using presentation compiler with project's scala-library version: 3.3.6[0m
2025.10.06 21:08:39 WARN  no build target for: /home/breno/codes/scala-learn/apollo/src/main/scala/apollo/SpotifyAPI.scala[0m
2025.10.06 21:08:38 INFO  no build target found for /home/breno/codes/scala-learn/apollo/src/main/scala/apollo/SpotifyAPI.scala. Using presentation compiler with project's scala-library version: 3.3.6[0m
2025.10.06 21:08:39 WARN  Could not find semantic tokens for: file:///home/breno/codes/scala-learn/apollo/src/main/scala/apollo/SpotifyAPI.scala[0m
2025.10.06 21:08:43 INFO  no build target found for /home/breno/codes/scala-learn/apollo/src/main/scala/apollo/SpotifyAPI.scala. Using presentation compiler with project's scala-library version: 3.3.6[0m
2025.10.06 21:08:43 WARN  Could not find semantic tokens for: file:///home/breno/codes/scala-learn/apollo/src/main/scala/apollo/SpotifyAPI.scala[0m
2025.10.06 21:08:48 INFO  no build target found for /home/breno/codes/scala-learn/apollo/src/main/scala/apollo/SpotifyAPI.scala. Using presentation compiler with project's scala-library version: 3.3.6[0m
2025.10.06 21:08:50 INFO  no build target found for /home/breno/codes/scala-learn/apollo/src/main/scala/apollo/JsonDatasetter.scala. Using presentation compiler with project's scala-library version: 3.3.6[0m
2025.10.06 21:08:50 INFO  no build target found for /home/breno/codes/scala-learn/apollo/src/main/scala/apollo/JsonDatasetter.scala. Using presentation compiler with project's scala-library version: 3.3.6[0m
2025.10.06 21:08:50 WARN  no build target for: /home/breno/codes/scala-learn/apollo/src/main/scala/apollo/JsonDatasetter.scala[0m
2025.10.06 21:08:50 INFO  no build target found for /home/breno/codes/scala-learn/apollo/src/main/scala/apollo/JsonDatasetter.scala. Using presentation compiler with project's scala-library version: 3.3.6[0m
2025.10.06 21:08:50 INFO  no build target found for /home/breno/codes/scala-learn/apollo/src/main/scala/apollo/JsonDatasetter.scala. Using presentation compiler with project's scala-library version: 3.3.6[0m
2025.10.06 21:08:51 INFO  no build target found for /home/breno/codes/scala-learn/apollo/src/main/scala/apollo/JsonDatasetter.scala. Using presentation compiler with project's scala-library version: 3.3.6[0m
2025.10.06 21:08:52 INFO  no build target found for /home/breno/codes/scala-learn/apollo/src/main/scala/apollo/JsonDatasetter.scala. Using presentation compiler with project's scala-library version: 3.3.6[0m
2025.10.06 21:08:51 INFO  no build target found for /home/breno/codes/scala-learn/apollo/src/main/scala/apollo/JsonDatasetter.scala. Using presentation compiler with project's scala-library version: 3.3.6[0m
2025.10.06 21:08:52 WARN  no build target for: /home/breno/codes/scala-learn/apollo/src/main/scala/apollo/SpotifyAPI.scala[0m
2025.10.06 21:08:52 INFO  no build target found for /home/breno/codes/scala-learn/apollo/src/main/scala/apollo/SpotifyAPI.scala. Using presentation compiler with project's scala-library version: 3.3.6[0m
2025.10.06 21:08:52 INFO  no build target found for /home/breno/codes/scala-learn/apollo/src/main/scala/apollo/SpotifyAPI.scala. Using presentation compiler with project's scala-library version: 3.3.6[0m
2025.10.06 21:08:53 INFO  no build target found for /home/breno/codes/scala-learn/apollo/src/main/scala/apollo/SpotifyAPI.scala. Using presentation compiler with project's scala-library version: 3.3.6[0m
2025.10.06 21:08:53 WARN  Could not find semantic tokens for: file:///home/breno/codes/scala-learn/apollo/src/main/scala/apollo/SpotifyAPI.scala[0m
2025.10.06 21:08:52 INFO  no build target found for /home/breno/codes/scala-learn/apollo/src/main/scala/apollo/SpotifyAPI.scala. Using presentation compiler with project's scala-library version: 3.3.6[0m
2025.10.06 21:08:53 INFO  no build target found for /home/breno/codes/scala-learn/apollo/src/main/scala/apollo/SpotifyAPI.scala. Using presentation compiler with project's scala-library version: 3.3.6[0m
2025.10.06 21:08:53 WARN  Could not find semantic tokens for: file:///home/breno/codes/scala-learn/apollo/src/main/scala/apollo/SpotifyAPI.scala[0m
2025.10.06 21:08:52 INFO  no build target found for /home/breno/codes/scala-learn/apollo/src/main/scala/apollo/SpotifyAPI.scala. Using presentation compiler with project's scala-library version: 3.3.6[0m
2025.10.06 21:08:54 INFO  no build target found for /home/breno/codes/scala-learn/apollo/src/main/scala/apollo/SpotifyAPI.scala. Using presentation compiler with project's scala-library version: 3.3.6[0m
2025.10.06 21:08:56 INFO  Shutting down server[0m
2025.10.06 21:08:56 INFO  shutting down Metals[0m
2025.10.06 21:08:56 INFO  Shut down connection with build server.[0m
2025.10.06 21:08:56 INFO  Exiting server[0m
